TN:
SF:src/books/repository/BookRepository.ts
FN:5,BookRepository
FN:9,create
FN:15,findAll
FN:19,update
FN:26,delete
FNF:5
FNH:5
FNDA:4,BookRepository
FNDA:1,create
FNDA:1,findAll
FNDA:1,update
FNDA:1,delete
DA:1,1
DA:2,1
DA:3,1
DA:4,1
DA:5,1
DA:6,4
DA:7,4
DA:8,1
DA:9,1
DA:10,1
DA:11,1
DA:12,1
DA:13,1
DA:14,1
DA:15,1
DA:16,1
DA:17,1
DA:18,1
DA:19,1
DA:20,1
DA:21,1
DA:22,1
DA:23,1
DA:24,1
DA:25,1
DA:26,1
DA:27,1
DA:28,1
DA:29,1
DA:30,1
DA:31,1
LF:31
LH:31
BRDA:5,0,0,4
BRDA:9,1,0,1
BRDA:15,2,0,1
BRDA:19,3,0,1
BRDA:26,4,0,1
BRF:5
BRH:5
end_of_record
TN:
SF:src/books/services/createBookService/CreateBookService.ts
FN:5,CreateBookService
FN:9,execute
FNF:2
FNH:2
FNDA:1,CreateBookService
FNDA:1,execute
DA:1,1
DA:2,1
DA:3,1
DA:4,1
DA:5,1
DA:6,1
DA:7,1
DA:8,1
DA:9,1
DA:10,1
DA:11,1
DA:12,1
LF:12
LH:12
BRDA:5,0,0,1
BRDA:9,1,0,1
BRF:2
BRH:2
end_of_record
TN:
SF:src/books/services/deleteBookService/DeleteBookService.ts
FN:5,DeleteBookService
FN:9,execute
FNF:2
FNH:2
FNDA:1,DeleteBookService
FNDA:1,execute
DA:1,1
DA:2,1
DA:3,1
DA:4,1
DA:5,1
DA:6,1
DA:7,1
DA:8,1
DA:9,1
DA:10,1
DA:11,1
DA:12,1
LF:12
LH:12
BRDA:5,0,0,1
BRDA:9,1,0,1
BRF:2
BRH:2
end_of_record
TN:
SF:src/books/services/listBooksServices/ListBooksService.ts
FN:4,ListBooksService
FN:7,execute
FNF:2
FNH:2
FNDA:1,ListBooksService
FNDA:1,execute
DA:1,1
DA:2,1
DA:3,1
DA:4,1
DA:5,1
DA:6,1
DA:7,1
DA:8,1
DA:9,1
DA:10,1
LF:10
LH:10
BRDA:4,0,0,1
BRDA:7,1,0,1
BRF:2
BRH:2
end_of_record
TN:
SF:src/books/services/updateBookService/UpdateBookService.ts
FN:5,UpdateBookService
FN:9,execute
FNF:2
FNH:2
FNDA:1,UpdateBookService
FNDA:1,execute
DA:1,1
DA:2,1
DA:3,1
DA:4,1
DA:5,1
DA:6,1
DA:7,1
DA:8,1
DA:9,1
DA:10,1
DA:11,1
DA:12,1
LF:12
LH:12
BRDA:5,0,0,1
BRDA:9,1,0,1
BRF:2
BRH:2
end_of_record
